Drill report for C:\Users\Aunt Pancake\OneDrive - McGill University\ventilator\Simon\pcb\ventilator_shield.kicad_pcb
Created on 4/11/2020 11:56:20 PM

Copper Layer Stackup:
    =============================================================
    L1 :  F.Cu                      front
    L2 :  B.Cu                      back


Drill file 'ventilator_shield-PTH.drl' contains
    plated through holes:
    =============================================================
    T1  0.40mm  0.016"  (83 holes)
    T2  0.80mm  0.031"  (16 holes)
    T3  0.90mm  0.035"  (4 holes)
    T4  1.00mm  0.039"  (35 holes)
    T5  1.02mm  0.040"  (86 holes)
    T6  1.17mm  0.046"  (8 holes)
    T7  1.20mm  0.047"  (39 holes)
    T8  2.30mm  0.091"  (2 holes)
    T9  3.05mm  0.120"  (3 holes)

    Total plated holes count 276


Drill file 'ventilator_shield-NPTH.drl' contains
    unplated through holes:
    =============================================================
    T1  3.20mm  0.126"  (3 holes)
    T2  3.50mm  0.138"  (1 hole)
    T3  4.30mm  0.169"  (4 holes)

    Total unplated holes count 8
